  main.cpp
C:\Users\Nolan\OneDrive\Desktop\Class-Assignments\Class Assignments\3D_Rendering_RotatingCube\Mortenson.Nolan.Lab4\rasterization.h(14,26): warning C4244: 'argument': conversion from 'double' to 'float', possible loss of data
C:\Users\Nolan\OneDrive\Desktop\Class-Assignments\Class Assignments\3D_Rendering_RotatingCube\Mortenson.Nolan.Lab4\rasterization.h(15,26): warning C4244: 'argument': conversion from 'double' to 'float', possible loss of data
C:\Users\Nolan\OneDrive\Desktop\Class-Assignments\Class Assignments\3D_Rendering_RotatingCube\Mortenson.Nolan.Lab4\rasterization.h(24,27): warning C4305: 'argument': truncation from 'double' to 'float'
C:\Users\Nolan\OneDrive\Desktop\Class-Assignments\Class Assignments\3D_Rendering_RotatingCube\Mortenson.Nolan.Lab4\rasterization.h(24,52): warning C4305: 'argument': truncation from 'double' to 'float'
C:\Users\Nolan\OneDrive\Desktop\Class-Assignments\Class Assignments\3D_Rendering_RotatingCube\Mortenson.Nolan.Lab4\rasterization.h(25,28): warning C4305: 'argument': truncation from 'double' to 'float'
C:\Users\Nolan\OneDrive\Desktop\Class-Assignments\Class Assignments\3D_Rendering_RotatingCube\Mortenson.Nolan.Lab4\rasterization.h(25,52): warning C4305: 'argument': truncation from 'double' to 'float'
C:\Users\Nolan\OneDrive\Desktop\Class-Assignments\Class Assignments\3D_Rendering_RotatingCube\Mortenson.Nolan.Lab4\rasterization.h(28,44): warning C4305: 'argument': truncation from 'double' to 'float'
C:\Users\Nolan\OneDrive\Desktop\Class-Assignments\Class Assignments\3D_Rendering_RotatingCube\Mortenson.Nolan.Lab4\rasterization.h(30,19): warning C4305: 'initializing': truncation from 'double' to 'float'
C:\Users\Nolan\OneDrive\Desktop\Class-Assignments\Class Assignments\3D_Rendering_RotatingCube\Mortenson.Nolan.Lab4\rasterization.h(57,76): warning C4244: 'argument': conversion from 'float' to 'int', possible loss of data
C:\Users\Nolan\OneDrive\Desktop\Class-Assignments\Class Assignments\3D_Rendering_RotatingCube\Mortenson.Nolan.Lab4\rasterization.h(57,59): warning C4244: 'argument': conversion from 'float' to 'int', possible loss of data
C:\Users\Nolan\OneDrive\Desktop\Class-Assignments\Class Assignments\3D_Rendering_RotatingCube\Mortenson.Nolan.Lab4\rasterization.h(57,42): warning C4244: 'argument': conversion from 'float' to 'int', possible loss of data
C:\Users\Nolan\OneDrive\Desktop\Class-Assignments\Class Assignments\3D_Rendering_RotatingCube\Mortenson.Nolan.Lab4\rasterization.h(57,25): warning C4244: 'argument': conversion from 'float' to 'int', possible loss of data
C:\Users\Nolan\OneDrive\Desktop\Class-Assignments\Class Assignments\3D_Rendering_RotatingCube\Mortenson.Nolan.Lab4\rasterization.h(58,76): warning C4244: 'argument': conversion from 'float' to 'int', possible loss of data
C:\Users\Nolan\OneDrive\Desktop\Class-Assignments\Class Assignments\3D_Rendering_RotatingCube\Mortenson.Nolan.Lab4\rasterization.h(58,59): warning C4244: 'argument': conversion from 'float' to 'int', possible loss of data
C:\Users\Nolan\OneDrive\Desktop\Class-Assignments\Class Assignments\3D_Rendering_RotatingCube\Mortenson.Nolan.Lab4\rasterization.h(58,42): warning C4244: 'argument': conversion from 'float' to 'int', possible loss of data
C:\Users\Nolan\OneDrive\Desktop\Class-Assignments\Class Assignments\3D_Rendering_RotatingCube\Mortenson.Nolan.Lab4\rasterization.h(58,25): warning C4244: 'argument': conversion from 'float' to 'int', possible loss of data
C:\Users\Nolan\OneDrive\Desktop\Class-Assignments\Class Assignments\3D_Rendering_RotatingCube\Mortenson.Nolan.Lab4\rasterization.h(59,76): warning C4244: 'argument': conversion from 'float' to 'int', possible loss of data
C:\Users\Nolan\OneDrive\Desktop\Class-Assignments\Class Assignments\3D_Rendering_RotatingCube\Mortenson.Nolan.Lab4\rasterization.h(59,59): warning C4244: 'argument': conversion from 'float' to 'int', possible loss of data
C:\Users\Nolan\OneDrive\Desktop\Class-Assignments\Class Assignments\3D_Rendering_RotatingCube\Mortenson.Nolan.Lab4\rasterization.h(59,42): warning C4244: 'argument': conversion from 'float' to 'int', possible loss of data
C:\Users\Nolan\OneDrive\Desktop\Class-Assignments\Class Assignments\3D_Rendering_RotatingCube\Mortenson.Nolan.Lab4\rasterization.h(59,25): warning C4244: 'argument': conversion from 'float' to 'int', possible loss of data
C:\Users\Nolan\OneDrive\Desktop\Class-Assignments\Class Assignments\3D_Rendering_RotatingCube\Mortenson.Nolan.Lab4\rasterization.h(60,76): warning C4244: 'argument': conversion from 'float' to 'int', possible loss of data
C:\Users\Nolan\OneDrive\Desktop\Class-Assignments\Class Assignments\3D_Rendering_RotatingCube\Mortenson.Nolan.Lab4\rasterization.h(60,59): warning C4244: 'argument': conversion from 'float' to 'int', possible loss of data
C:\Users\Nolan\OneDrive\Desktop\Class-Assignments\Class Assignments\3D_Rendering_RotatingCube\Mortenson.Nolan.Lab4\rasterization.h(60,42): warning C4244: 'argument': conversion from 'float' to 'int', possible loss of data
C:\Users\Nolan\OneDrive\Desktop\Class-Assignments\Class Assignments\3D_Rendering_RotatingCube\Mortenson.Nolan.Lab4\rasterization.h(60,25): warning C4244: 'argument': conversion from 'float' to 'int', possible loss of data
C:\Users\Nolan\OneDrive\Desktop\Class-Assignments\Class Assignments\3D_Rendering_RotatingCube\Mortenson.Nolan.Lab4\rasterization.h(62,76): warning C4244: 'argument': conversion from 'float' to 'int', possible loss of data
C:\Users\Nolan\OneDrive\Desktop\Class-Assignments\Class Assignments\3D_Rendering_RotatingCube\Mortenson.Nolan.Lab4\rasterization.h(62,59): warning C4244: 'argument': conversion from 'float' to 'int', possible loss of data
C:\Users\Nolan\OneDrive\Desktop\Class-Assignments\Class Assignments\3D_Rendering_RotatingCube\Mortenson.Nolan.Lab4\rasterization.h(62,42): warning C4244: 'argument': conversion from 'float' to 'int', possible loss of data
C:\Users\Nolan\OneDrive\Desktop\Class-Assignments\Class Assignments\3D_Rendering_RotatingCube\Mortenson.Nolan.Lab4\rasterization.h(62,25): warning C4244: 'argument': conversion from 'float' to 'int', possible loss of data
C:\Users\Nolan\OneDrive\Desktop\Class-Assignments\Class Assignments\3D_Rendering_RotatingCube\Mortenson.Nolan.Lab4\rasterization.h(63,76): warning C4244: 'argument': conversion from 'float' to 'int', possible loss of data
C:\Users\Nolan\OneDrive\Desktop\Class-Assignments\Class Assignments\3D_Rendering_RotatingCube\Mortenson.Nolan.Lab4\rasterization.h(63,59): warning C4244: 'argument': conversion from 'float' to 'int', possible loss of data
C:\Users\Nolan\OneDrive\Desktop\Class-Assignments\Class Assignments\3D_Rendering_RotatingCube\Mortenson.Nolan.Lab4\rasterization.h(63,42): warning C4244: 'argument': conversion from 'float' to 'int', possible loss of data
C:\Users\Nolan\OneDrive\Desktop\Class-Assignments\Class Assignments\3D_Rendering_RotatingCube\Mortenson.Nolan.Lab4\rasterization.h(63,25): warning C4244: 'argument': conversion from 'float' to 'int', possible loss of data
C:\Users\Nolan\OneDrive\Desktop\Class-Assignments\Class Assignments\3D_Rendering_RotatingCube\Mortenson.Nolan.Lab4\rasterization.h(64,76): warning C4244: 'argument': conversion from 'float' to 'int', possible loss of data
C:\Users\Nolan\OneDrive\Desktop\Class-Assignments\Class Assignments\3D_Rendering_RotatingCube\Mortenson.Nolan.Lab4\rasterization.h(64,59): warning C4244: 'argument': conversion from 'float' to 'int', possible loss of data
C:\Users\Nolan\OneDrive\Desktop\Class-Assignments\Class Assignments\3D_Rendering_RotatingCube\Mortenson.Nolan.Lab4\rasterization.h(64,42): warning C4244: 'argument': conversion from 'float' to 'int', possible loss of data
C:\Users\Nolan\OneDrive\Desktop\Class-Assignments\Class Assignments\3D_Rendering_RotatingCube\Mortenson.Nolan.Lab4\rasterization.h(64,25): warning C4244: 'argument': conversion from 'float' to 'int', possible loss of data
C:\Users\Nolan\OneDrive\Desktop\Class-Assignments\Class Assignments\3D_Rendering_RotatingCube\Mortenson.Nolan.Lab4\rasterization.h(65,76): warning C4244: 'argument': conversion from 'float' to 'int', possible loss of data
C:\Users\Nolan\OneDrive\Desktop\Class-Assignments\Class Assignments\3D_Rendering_RotatingCube\Mortenson.Nolan.Lab4\rasterization.h(65,59): warning C4244: 'argument': conversion from 'float' to 'int', possible loss of data
C:\Users\Nolan\OneDrive\Desktop\Class-Assignments\Class Assignments\3D_Rendering_RotatingCube\Mortenson.Nolan.Lab4\rasterization.h(65,42): warning C4244: 'argument': conversion from 'float' to 'int', possible loss of data
C:\Users\Nolan\OneDrive\Desktop\Class-Assignments\Class Assignments\3D_Rendering_RotatingCube\Mortenson.Nolan.Lab4\rasterization.h(65,25): warning C4244: 'argument': conversion from 'float' to 'int', possible loss of data
C:\Users\Nolan\OneDrive\Desktop\Class-Assignments\Class Assignments\3D_Rendering_RotatingCube\Mortenson.Nolan.Lab4\rasterization.h(67,76): warning C4244: 'argument': conversion from 'float' to 'int', possible loss of data
C:\Users\Nolan\OneDrive\Desktop\Class-Assignments\Class Assignments\3D_Rendering_RotatingCube\Mortenson.Nolan.Lab4\rasterization.h(67,59): warning C4244: 'argument': conversion from 'float' to 'int', possible loss of data
C:\Users\Nolan\OneDrive\Desktop\Class-Assignments\Class Assignments\3D_Rendering_RotatingCube\Mortenson.Nolan.Lab4\rasterization.h(67,42): warning C4244: 'argument': conversion from 'float' to 'int', possible loss of data
C:\Users\Nolan\OneDrive\Desktop\Class-Assignments\Class Assignments\3D_Rendering_RotatingCube\Mortenson.Nolan.Lab4\rasterization.h(67,25): warning C4244: 'argument': conversion from 'float' to 'int', possible loss of data
C:\Users\Nolan\OneDrive\Desktop\Class-Assignments\Class Assignments\3D_Rendering_RotatingCube\Mortenson.Nolan.Lab4\rasterization.h(68,76): warning C4244: 'argument': conversion from 'float' to 'int', possible loss of data
C:\Users\Nolan\OneDrive\Desktop\Class-Assignments\Class Assignments\3D_Rendering_RotatingCube\Mortenson.Nolan.Lab4\rasterization.h(68,59): warning C4244: 'argument': conversion from 'float' to 'int', possible loss of data
C:\Users\Nolan\OneDrive\Desktop\Class-Assignments\Class Assignments\3D_Rendering_RotatingCube\Mortenson.Nolan.Lab4\rasterization.h(68,42): warning C4244: 'argument': conversion from 'float' to 'int', possible loss of data
C:\Users\Nolan\OneDrive\Desktop\Class-Assignments\Class Assignments\3D_Rendering_RotatingCube\Mortenson.Nolan.Lab4\rasterization.h(68,25): warning C4244: 'argument': conversion from 'float' to 'int', possible loss of data
C:\Users\Nolan\OneDrive\Desktop\Class-Assignments\Class Assignments\3D_Rendering_RotatingCube\Mortenson.Nolan.Lab4\rasterization.h(70,76): warning C4244: 'argument': conversion from 'float' to 'int', possible loss of data
C:\Users\Nolan\OneDrive\Desktop\Class-Assignments\Class Assignments\3D_Rendering_RotatingCube\Mortenson.Nolan.Lab4\rasterization.h(70,59): warning C4244: 'argument': conversion from 'float' to 'int', possible loss of data
C:\Users\Nolan\OneDrive\Desktop\Class-Assignments\Class Assignments\3D_Rendering_RotatingCube\Mortenson.Nolan.Lab4\rasterization.h(70,42): warning C4244: 'argument': conversion from 'float' to 'int', possible loss of data
C:\Users\Nolan\OneDrive\Desktop\Class-Assignments\Class Assignments\3D_Rendering_RotatingCube\Mortenson.Nolan.Lab4\rasterization.h(70,25): warning C4244: 'argument': conversion from 'float' to 'int', possible loss of data
C:\Users\Nolan\OneDrive\Desktop\Class-Assignments\Class Assignments\3D_Rendering_RotatingCube\Mortenson.Nolan.Lab4\rasterization.h(71,76): warning C4244: 'argument': conversion from 'float' to 'int', possible loss of data
C:\Users\Nolan\OneDrive\Desktop\Class-Assignments\Class Assignments\3D_Rendering_RotatingCube\Mortenson.Nolan.Lab4\rasterization.h(71,59): warning C4244: 'argument': conversion from 'float' to 'int', possible loss of data
C:\Users\Nolan\OneDrive\Desktop\Class-Assignments\Class Assignments\3D_Rendering_RotatingCube\Mortenson.Nolan.Lab4\rasterization.h(71,42): warning C4244: 'argument': conversion from 'float' to 'int', possible loss of data
C:\Users\Nolan\OneDrive\Desktop\Class-Assignments\Class Assignments\3D_Rendering_RotatingCube\Mortenson.Nolan.Lab4\rasterization.h(71,25): warning C4244: 'argument': conversion from 'float' to 'int', possible loss of data
C:\Users\Nolan\OneDrive\Desktop\Class-Assignments\Class Assignments\3D_Rendering_RotatingCube\Mortenson.Nolan.Lab4\rasterization.h(85,27): warning C4305: 'argument': truncation from 'double' to 'float'
C:\Users\Nolan\OneDrive\Desktop\Class-Assignments\Class Assignments\3D_Rendering_RotatingCube\Mortenson.Nolan.Lab4\rasterization.h(85,52): warning C4305: 'argument': truncation from 'double' to 'float'
C:\Users\Nolan\OneDrive\Desktop\Class-Assignments\Class Assignments\3D_Rendering_RotatingCube\Mortenson.Nolan.Lab4\rasterization.h(86,28): warning C4305: 'argument': truncation from 'double' to 'float'
C:\Users\Nolan\OneDrive\Desktop\Class-Assignments\Class Assignments\3D_Rendering_RotatingCube\Mortenson.Nolan.Lab4\rasterization.h(86,52): warning C4305: 'argument': truncation from 'double' to 'float'
C:\Users\Nolan\OneDrive\Desktop\Class-Assignments\Class Assignments\3D_Rendering_RotatingCube\Mortenson.Nolan.Lab4\rasterization.h(89,42): warning C4305: 'argument': truncation from 'double' to 'float'
C:\Users\Nolan\OneDrive\Desktop\Class-Assignments\Class Assignments\3D_Rendering_RotatingCube\Mortenson.Nolan.Lab4\rasterization.h(91,20): warning C4305: 'initializing': truncation from 'double' to 'float'
C:\Users\Nolan\OneDrive\Desktop\Class-Assignments\Class Assignments\3D_Rendering_RotatingCube\Mortenson.Nolan.Lab4\rasterization.h(117,75): warning C4244: 'argument': conversion from 'float' to 'int', possible loss of data
C:\Users\Nolan\OneDrive\Desktop\Class-Assignments\Class Assignments\3D_Rendering_RotatingCube\Mortenson.Nolan.Lab4\rasterization.h(117,57): warning C4244: 'argument': conversion from 'float' to 'int', possible loss of data
C:\Users\Nolan\OneDrive\Desktop\Class-Assignments\Class Assignments\3D_Rendering_RotatingCube\Mortenson.Nolan.Lab4\rasterization.h(117,42): warning C4244: 'argument': conversion from 'float' to 'int', possible loss of data
C:\Users\Nolan\OneDrive\Desktop\Class-Assignments\Class Assignments\3D_Rendering_RotatingCube\Mortenson.Nolan.Lab4\rasterization.h(117,24): warning C4244: 'argument': conversion from 'float' to 'int', possible loss of data
C:\Users\Nolan\OneDrive\Desktop\Class-Assignments\Class Assignments\3D_Rendering_RotatingCube\Mortenson.Nolan.Lab4\rasterization.h(121,79): warning C4244: 'argument': conversion from 'float' to 'int', possible loss of data
C:\Users\Nolan\OneDrive\Desktop\Class-Assignments\Class Assignments\3D_Rendering_RotatingCube\Mortenson.Nolan.Lab4\rasterization.h(121,59): warning C4244: 'argument': conversion from 'float' to 'int', possible loss of data
C:\Users\Nolan\OneDrive\Desktop\Class-Assignments\Class Assignments\3D_Rendering_RotatingCube\Mortenson.Nolan.Lab4\rasterization.h(121,44): warning C4244: 'argument': conversion from 'float' to 'int', possible loss of data
C:\Users\Nolan\OneDrive\Desktop\Class-Assignments\Class Assignments\3D_Rendering_RotatingCube\Mortenson.Nolan.Lab4\rasterization.h(121,24): warning C4244: 'argument': conversion from 'float' to 'int', possible loss of data
C:\Users\Nolan\OneDrive\Desktop\Class-Assignments\Class Assignments\3D_Rendering_RotatingCube\Mortenson.Nolan.Lab4\rasterization.h(123,70): warning C4244: 'argument': conversion from 'float' to 'int', possible loss of data
C:\Users\Nolan\OneDrive\Desktop\Class-Assignments\Class Assignments\3D_Rendering_RotatingCube\Mortenson.Nolan.Lab4\rasterization.h(123,55): warning C4244: 'argument': conversion from 'float' to 'int', possible loss of data
C:\Users\Nolan\OneDrive\Desktop\Class-Assignments\Class Assignments\3D_Rendering_RotatingCube\Mortenson.Nolan.Lab4\rasterization.h(123,39): warning C4244: 'argument': conversion from 'float' to 'int', possible loss of data
C:\Users\Nolan\OneDrive\Desktop\Class-Assignments\Class Assignments\3D_Rendering_RotatingCube\Mortenson.Nolan.Lab4\rasterization.h(123,24): warning C4244: 'argument': conversion from 'float' to 'int', possible loss of data
C:\Users\Nolan\OneDrive\Desktop\Class-Assignments\Class Assignments\3D_Rendering_RotatingCube\Mortenson.Nolan.Lab4\main.cpp(55,15): warning C4305: '-=': truncation from 'double' to 'float'
C:\Users\Nolan\OneDrive\Desktop\Class-Assignments\Class Assignments\3D_Rendering_RotatingCube\Mortenson.Nolan.Lab4\main.cpp(63,15): warning C4305: '+=': truncation from 'double' to 'float'
  RasterSurface.cpp
C:\Users\Nolan\OneDrive\Desktop\Class-Assignments\Class Assignments\3D_Rendering_RotatingCube\Mortenson.Nolan.Lab4\RasterSurface.cpp(109,29): warning C4838: conversion from 'unsigned int' to 'LONG' requires a narrowing conversion
C:\Users\Nolan\OneDrive\Desktop\Class-Assignments\Class Assignments\3D_Rendering_RotatingCube\Mortenson.Nolan.Lab4\RasterSurface.cpp(109,37): warning C4838: conversion from 'unsigned int' to 'LONG' requires a narrowing conversion
  Generating Code...
  Mortenson.Nolan.Lab4.vcxproj -> C:\Users\Nolan\OneDrive\Desktop\Class-Assignments\Class Assignments\3D_Rendering_RotatingCube\Debug\Mortenson.Nolan.Lab4.exe
